[18:44:14.396] Try reusing port from lock file: 5149
[18:44:14.427] Server listening on port 5149, PID 44656
[18:44:14.442] readProjectFiles, Found 87 files to read.
[18:44:14.600] Starting PAI Cloud Dev...
[18:44:15.593] [PAI SDK] createCloudSession response: {
  "code": 0,
  "msg": "success",
  "sandboxId": "vefaas-f0vkicge-pyw70jixna-d8ntf0029l4ha50s1jdg-sandbox",
  "endpoint": "https://sd62opo6oqou1ckhsuo00.apigateway-cn-beijing.volceapi.com"
}
[18:44:15.763] [PAI SDK] cloudServer.start called, appId: pai-preview-trae-10ec16e3
[18:44:17.074] [PAI SDK] Received event: log {"content":"\n> taro_template@1.0.0 dev:h5\n> npm run build:h5 -- --watch\n\n\n> taro_template@1.0.0 build:h5\n> taro build --type h5 --watch\n\n","timestamp":1781520258163}
[18:44:17.400] [PAI SDK] Received event: log {"content":"👽 Taro v4.1.9\n\n","timestamp":1781520258490}
[18:44:18.481] [PAI SDK] Received event: log {"content":"Tips:\n1. 建议开启持久化缓存功能，能有效提升二次编译速度，详情请参考: https://docs.taro.zone/docs/config-detail#cache。\n\n\n","timestamp":1781520259571}
[18:44:19.532] [PAI SDK] Received event: log {"content":"- 即将开始启动编译，请稍等~\n","timestamp":1781520260622}
[18:44:29.796] [Preview Server] Frontend connected, clients size = 1
[18:44:33.528] [PAI SDK] Received event: log {"content":"✅  编译成功 6/15/2026, 6:44:34 PM\n\n","timestamp":1781520274618}
[18:44:33.531] [PAI SDK] cloudServer.start response: {
  "status": "running",
  "msg": "Cloud Server started successfully.",
  "hash": "pai-preview-trae-10ec16e3"
}
[18:45:01.870] [Preview Server] Frontend connected, clients size = 2
[18:45:01.871] Sending cached status to new connection, lastStatusMessage = {"event":"status_change","message":{"url":"https://sd62opo6oqou1ckhsuo00.apigateway-cn-beijing.volceapi.com/?faasInstanceName=vefaas-f0vkicge-pyw70jixna-d8ntf0029l4ha50s1jdg-sandbox&hash=pai-preview-trae-10ec16e3","schema":"aipa://preview?type=pai&aipa_id=pai-preview-trae-10ec16e3&uuid=d67f5475-e4cc-4491-8e44-2e808a34b969","status":"running","msg":"Cloud Server started successfully.","framework":"taro"}}
[18:46:30.696] File change detected. Updating...
[18:46:30.706] readProjectFiles, Found 87 files to read.
[18:46:30.753] Files read. Count: 87
[18:46:30.753] Calling pai.updateCloudDev...
[18:46:30.754] [PAI SDK] cloudServer.update called, appId: pai-preview-trae-10ec16e3
[18:46:31.530] [PAI SDK] Received event: server_exit_abnormal {"content":"Cloud Server exited with code -1","timestamp":1781520392622}
[18:46:31.531] [PAI SDK] Server exited abnormally, cleaning up...
[18:46:38.568] File change detected. Updating...
[18:46:38.575] readProjectFiles, Found 87 files to read.
[18:46:38.601] Files read. Count: 87
[18:46:38.601] Calling pai.updateCloudDev...
[18:46:38.601] [PAI SDK] Sandbox disconnected, recreating...
[18:47:57.630] [PAI SDK] Received event: log {"content":"\n> taro_template@1.0.0 dev:h5\n> npm run build:h5 -- --watch\n\n","timestamp":1781520478724}
[18:47:57.642] [PAI SDK] Received event: log {"content":"\n> taro_template@1.0.0 dev:h5\n> npm run build:h5 -- --watch\n\n","timestamp":1781520478729}
[18:47:57.798] [PAI SDK] Received event: log {"content":"\n> taro_template@1.0.0 build:h5\n> taro build --type h5 --watch\n\n","timestamp":1781520478891}
[18:47:57.800] [PAI SDK] Received event: log {"content":"\n> taro_template@1.0.0 build:h5\n> taro build --type h5 --watch\n\n","timestamp":1781520478892}
[18:47:58.302] [PAI SDK] Received event: log {"content":"👽 Taro v4.1.9\n\n","timestamp":1781520479396}
[18:47:58.304] [PAI SDK] Received event: log {"content":"👽 Taro v4.1.9\n\n","timestamp":1781520479396}
[18:48:00.059] [PAI SDK] Received event: log {"content":"Tips:\n1. 建议开启持久化缓存功能，能有效提升二次编译速度，详情请参考: https://docs.taro.zone/docs/config-detail#cache。\n\n\n","timestamp":1781520481152}
[18:48:00.085] [PAI SDK] Received event: log {"content":"Tips:\n1. 建议开启持久化缓存功能，能有效提升二次编译速度，详情请参考: https://docs.taro.zone/docs/config-detail#cache。\n\n\n","timestamp":1781520481180}
[18:48:02.368] [PAI SDK] Received event: log {"content":"- 即将开始启动编译，请稍等~\n","timestamp":1781520483461}
[18:48:02.374] [PAI SDK] Received event: compile_error [{"filename":"","lineNumber":0,"description":"[stderr： ]\n\n/node_modules/.pnpm/webpack-dev-server@4.15.2_bufferutil@4.1.0_webpack@5.78.0_@swc+core@1.3.96_postcss@8.5.15_/node_modules/webpack-dev-server/lib/Server.js:2557\n        throw error;\n        ^\n\nError: listen EADDRINUSE: address already in use 0.0.0.0:10086","timestamp":1781520483467}]
[18:48:02.377] [PAI SDK] Received event: log {"content":"\nNode.js v22.18.0\n","timestamp":1781520483469}
[18:48:02.408] [PAI SDK] Received event: server_exit_abnormal {"content":"Cloud Server exited with code 1","timestamp":1781520483503}
[18:48:02.409] [PAI SDK] Server exited abnormally, cleaning up...
[18:48:02.413] [PAI SDK] cloudServer.update response: {
  "status": "error",
  "reload": false,
  "hash": "pai-preview-trae-10ec16e3"
}
[18:48:02.413] Update success (pai.updateCloudDev returned)
[19:43:09.569] [PAI SDK] createCloudSession response: {
  "code": 0,
  "msg": "success",
  "sandboxId": "vefaas-f0vkicge-pyw70jixna-d8nuajg290l50k8sg0a0-sandbox",
  "endpoint": "https://sd62opo6oqou1ckhsuo00.apigateway-cn-beijing.volceapi.com"
}
[19:43:09.776] [PAI SDK] cloudServer.start called, appId: pai-preview-trae-10ec16e3
[19:43:24.093] File change detected. Updating...
[19:43:24.104] readProjectFiles, Found 88 files to read.
[19:43:24.152] Files read. Count: 88
[19:43:24.153] Calling pai.updateCloudDev...
[19:43:24.153] [PAI SDK] cloudServer.update called, appId: pai-preview-trae-10ec16e3
[19:43:25.722] [PAI SDK] Received event: reload {"url":"aipa://pai-preview-trae-10ec16e3.aipa-cloud.bytedance.net?type=pai","timestamp":1781523806862}
[19:43:25.723] [PAI SDK] CloudServer received reload event: {"url":"aipa://pai-preview-trae-10ec16e3.aipa-cloud.bytedance.net?type=pai","timestamp":1781523806862}
[19:43:25.723] [PAI SDK] reload, url = https://sd62opo6oqou1ckhsuo00.apigateway-cn-beijing.volceapi.com/?faasInstanceName=vefaas-f0vkicge-pyw70jixna-d8nuajg290l50k8sg0a0-sandbox&hash=pai-preview-trae-10ec16e3
[19:43:25.724] [PAI SDK] cloudServer.update response: {
  "status": "running",
  "reload": false,
  "hash": "pai-preview-trae-10ec16e3"
}
[19:43:25.724] Update success (pai.updateCloudDev returned)
[19:43:30.605] [AuthCredentials] injected weapp auth for generate_mini_preview
[19:43:30.606] [PAI SDK] cloudServer.generateMiniPreview called, platform: weapp hash: pai-preview-trae-10ec16e3
[19:43:30.812] [PAI SDK] Received event: log {"content":"sh: 1: ","timestamp":1781523811953}
[19:43:30.813] [PAI SDK] Received event: log {"content":"taro: not found\n","timestamp":1781523811954}
[19:43:33.628] File change detected. Updating...
[19:43:33.640] readProjectFiles, Found 88 files to read.
[19:43:33.694] Files read. Count: 88
[19:43:33.694] Calling pai.updateCloudDev...
[19:43:33.694] [PAI SDK] cloudServer.update called, appId: pai-preview-trae-10ec16e3
[19:43:37.029] [PAI SDK] Received event: reload {"url":"aipa://pai-preview-trae-10ec16e3.aipa-cloud.bytedance.net?type=pai","timestamp":1781523818170}
[19:43:37.030] [PAI SDK] CloudServer received reload event: {"url":"aipa://pai-preview-trae-10ec16e3.aipa-cloud.bytedance.net?type=pai","timestamp":1781523818170}
[19:43:37.030] [PAI SDK] reload, url = https://sd62opo6oqou1ckhsuo00.apigateway-cn-beijing.volceapi.com/?faasInstanceName=vefaas-f0vkicge-pyw70jixna-d8nuajg290l50k8sg0a0-sandbox&hash=pai-preview-trae-10ec16e3
[19:43:37.031] [PAI SDK] cloudServer.update response: {
  "status": "running",
  "reload": false,
  "hash": "pai-preview-trae-10ec16e3"
}
[19:43:37.032] Update success (pai.updateCloudDev returned)
[19:43:46.276] File change detected. Updating...
[19:43:46.288] readProjectFiles, Found 88 files to read.
[19:43:46.359] Files read. Count: 88
[19:43:46.359] Calling pai.updateCloudDev...
[19:43:46.360] [PAI SDK] cloudServer.update called, appId: pai-preview-trae-10ec16e3
[19:43:48.598] [PAI SDK] Received event: reload {"url":"aipa://pai-preview-trae-10ec16e3.aipa-cloud.bytedance.net?type=pai","timestamp":1781523829738}
[19:43:48.599] [PAI SDK] CloudServer received reload event: {"url":"aipa://pai-preview-trae-10ec16e3.aipa-cloud.bytedance.net?type=pai","timestamp":1781523829738}
[19:43:48.599] [PAI SDK] reload, url = https://sd62opo6oqou1ckhsuo00.apigateway-cn-beijing.volceapi.com/?faasInstanceName=vefaas-f0vkicge-pyw70jixna-d8nuajg290l50k8sg0a0-sandbox&hash=pai-preview-trae-10ec16e3
[19:43:48.601] [PAI SDK] cloudServer.update response: {
  "status": "running",
  "reload": false,
  "hash": "pai-preview-trae-10ec16e3"
}
[19:43:48.602] Update success (pai.updateCloudDev returned)
[19:43:54.835] File change detected. Updating...
[19:43:54.848] readProjectFiles, Found 88 files to read.
[19:43:54.882] Files read. Count: 88
[19:43:54.882] Calling pai.updateCloudDev...
[19:43:54.883] [PAI SDK] cloudServer.update called, appId: pai-preview-trae-10ec16e3
[19:43:57.116] [PAI SDK] Received event: reload {"url":"aipa://pai-preview-trae-10ec16e3.aipa-cloud.bytedance.net?type=pai","timestamp":1781523838256}
[19:43:57.117] [PAI SDK] CloudServer received reload event: {"url":"aipa://pai-preview-trae-10ec16e3.aipa-cloud.bytedance.net?type=pai","timestamp":1781523838256}
[19:43:57.117] [PAI SDK] reload, url = https://sd62opo6oqou1ckhsuo00.apigateway-cn-beijing.volceapi.com/?faasInstanceName=vefaas-f0vkicge-pyw70jixna-d8nuajg290l50k8sg0a0-sandbox&hash=pai-preview-trae-10ec16e3
[19:43:57.119] [PAI SDK] cloudServer.update response: {
  "status": "running",
  "reload": false,
  "hash": "pai-preview-trae-10ec16e3"
}
[19:43:57.120] Update success (pai.updateCloudDev returned)
[19:44:17.527] File change detected. Updating...
[19:44:17.540] readProjectFiles, Found 88 files to read.
[19:44:17.661] Files read. Count: 88
[19:44:17.661] Calling pai.updateCloudDev...
[19:44:17.661] [PAI SDK] cloudServer.update called, appId: pai-preview-trae-10ec16e3
[19:44:19.350] [PAI SDK] Received event: reload {"url":"aipa://pai-preview-trae-10ec16e3.aipa-cloud.bytedance.net?type=pai","timestamp":1781523860490}
[19:44:19.350] [PAI SDK] CloudServer received reload event: {"url":"aipa://pai-preview-trae-10ec16e3.aipa-cloud.bytedance.net?type=pai","timestamp":1781523860490}
[19:44:19.351] [PAI SDK] reload, url = https://sd62opo6oqou1ckhsuo00.apigateway-cn-beijing.volceapi.com/?faasInstanceName=vefaas-f0vkicge-pyw70jixna-d8nuajg290l50k8sg0a0-sandbox&hash=pai-preview-trae-10ec16e3
[19:44:19.352] [PAI SDK] cloudServer.update response: {
  "status": "running",
  "reload": false,
  "hash": "pai-preview-trae-10ec16e3"
}
[19:44:19.352] Update success (pai.updateCloudDev returned)
[19:44:33.114] File change detected. Updating...
[19:44:33.120] readProjectFiles, Found 88 files to read.
[19:44:33.167] Files read. Count: 88
[19:44:33.167] Calling pai.updateCloudDev...
[19:44:33.168] [PAI SDK] cloudServer.update called, appId: pai-preview-trae-10ec16e3
[19:44:35.842] [PAI SDK] Received event: reload {"url":"aipa://pai-preview-trae-10ec16e3.aipa-cloud.bytedance.net?type=pai","timestamp":1781523876984}
[19:44:35.842] [PAI SDK] CloudServer received reload event: {"url":"aipa://pai-preview-trae-10ec16e3.aipa-cloud.bytedance.net?type=pai","timestamp":1781523876984}
[19:44:35.843] [PAI SDK] reload, url = https://sd62opo6oqou1ckhsuo00.apigateway-cn-beijing.volceapi.com/?faasInstanceName=vefaas-f0vkicge-pyw70jixna-d8nuajg290l50k8sg0a0-sandbox&hash=pai-preview-trae-10ec16e3
[19:44:35.843] [PAI SDK] cloudServer.update response: {
  "status": "running",
  "reload": false,
  "hash": "pai-preview-trae-10ec16e3"
}
[19:44:35.843] Update success (pai.updateCloudDev returned)
[19:44:46.442] File change detected. Updating...
[19:44:46.452] readProjectFiles, Found 88 files to read.
[19:44:46.490] Files read. Count: 88
[19:44:46.491] Calling pai.updateCloudDev...
[19:44:46.491] [PAI SDK] cloudServer.update called, appId: pai-preview-trae-10ec16e3
[19:44:47.335] [PAI SDK] Received event: log {"content":"\n> taro_template@1.0.0 dev:h5\n> npm run build:h5 -- --watch\n\n","timestamp":1781523888476}
[19:44:47.337] [PAI SDK] Received event: log {"content":"\n> taro_template@1.0.0 dev:h5\n> npm run build:h5 -- --watch\n\n","timestamp":1781523888477}
[19:44:47.616] [PAI SDK] Received event: log {"content":"\n> taro_template@1.0.0 build:h5\n> taro build --type h5 --watch\n\n","timestamp":1781523888752}
[19:44:47.616] [PAI SDK] Received event: log {"content":"\n> taro_template@1.0.0 build:h5\n> taro build --type h5 --watch\n\n","timestamp":1781523888753}
[19:44:48.776] [PAI SDK] Received event: reload {"url":"aipa://pai-preview-trae-10ec16e3.aipa-cloud.bytedance.net?type=pai","timestamp":1781523889917}
[19:44:48.777] [PAI SDK] CloudServer received reload event: {"url":"aipa://pai-preview-trae-10ec16e3.aipa-cloud.bytedance.net?type=pai","timestamp":1781523889917}
[19:44:48.777] [PAI SDK] reload, url = https://sd62opo6oqou1ckhsuo00.apigateway-cn-beijing.volceapi.com/?faasInstanceName=vefaas-f0vkicge-pyw70jixna-d8nuajg290l50k8sg0a0-sandbox&hash=pai-preview-trae-10ec16e3
[19:44:48.778] [PAI SDK] cloudServer.update response: {
  "status": "running",
  "reload": false,
  "hash": "pai-preview-trae-10ec16e3"
}
[19:44:48.779] Update success (pai.updateCloudDev returned)
[19:44:48.871] [PAI SDK] Received event: log {"content":"👽 Taro v4.1.9\n\n","timestamp":1781523890012}
[19:44:48.872] [PAI SDK] Received event: log {"content":"👽 Taro v4.1.9\n\n","timestamp":1781523890012}
[19:44:51.618] [PAI SDK] Received event: log {"content":"Tips:\n1. 建议开启持久化缓存功能，能有效提升二次编译速度，详情请参考: https://docs.taro.zone/docs/config-detail#cache。\n\n\n","timestamp":1781523892759}
[19:44:51.629] [PAI SDK] Received event: log {"content":"Tips:\n1. 建议开启持久化缓存功能，能有效提升二次编译速度，详情请参考: https://docs.taro.zone/docs/config-detail#cache。\n\n\n","timestamp":1781523892768}
[19:44:53.895] File change detected. Updating...
[19:44:53.901] readProjectFiles, Found 88 files to read.
[19:44:53.934] Files read. Count: 88
[19:44:53.934] Calling pai.updateCloudDev...
[19:44:53.934] [PAI SDK] cloudServer.update called, appId: pai-preview-trae-10ec16e3
[19:44:56.650] [PAI SDK] Received event: mini_preview_error {"platform":"weapp","message":"构建产物目录不存在: /tmp/aipa-cloud-build/VSyNitSNYYXAS7LXuBxeR/dist/weapp/2026.06.15_19.43.31.777","buildId":"2026.06.15_19.43.31.777","timestamp":1781523897791}
[19:44:56.654] [PAI SDK] Received event: mini_preview_error {"platform":"weapp","message":"preview failed: 127","buildId":"2026.06.15_19.43.31.777","timestamp":1781523897796}
[19:44:56.655] [PAI SDK] cloudServer.generateMiniPreview response: {
  "ok": true
}
[19:44:56.658] [PAI SDK] Received event: compile_error [{"filename":"","lineNumber":0,"description":"[stderr： ]\n\n● Webpack █████████████████████████ setup (3%)  \n watch run\n\n/node_modules/.pnpm/webpack-dev-server@4.15.2_bufferutil@4.1.0_webpack@5.78.0_@swc+core@1.3.96_postcss@8.5.15_/node_modules/webpack-dev-server/lib/Server.js:2557\n        throw error;\n        ^\n\nError: listen EADDRINUSE: address already in use 0.0.0.0:10086","timestamp":1781523897799}]
[19:44:56.684] [PAI SDK] Received event: server_exit_abnormal {"content":"Cloud Server exited with code 1","timestamp":1781523897816}
[19:44:56.685] [PAI SDK] Server exited abnormally, cleaning up...
[19:44:56.693] [PAI SDK] cloudServer.start response: {
  "status": "error",
  "msg": "Cloud Server exited with code 1",
  "hash": "pai-preview-trae-10ec16e3"
}
[19:45:12.002] File change detected. Updating...
[19:45:12.006] readProjectFiles, Found 88 files to read.
[19:45:12.036] Files read. Count: 88
[19:45:12.037] Calling pai.updateCloudDev...
[19:45:28.259] File change detected. Updating...
[19:45:28.271] readProjectFiles, Found 88 files to read.
[19:45:28.303] Files read. Count: 88
[19:45:28.303] Calling pai.updateCloudDev...
[19:45:44.163] File change detected. Updating...
[19:45:44.193] readProjectFiles, Found 88 files to read.
[19:45:44.291] Files read. Count: 88
[19:45:44.292] Calling pai.updateCloudDev...
[19:45:57.439] File change detected. Updating...
[19:45:57.462] readProjectFiles, Found 88 files to read.
[19:45:57.609] Files read. Count: 88
[19:45:57.610] Calling pai.updateCloudDev...
[19:46:14.729] File change detected. Updating...
[19:46:14.742] readProjectFiles, Found 88 files to read.
[19:46:14.778] Files read. Count: 88
[19:46:14.778] Calling pai.updateCloudDev...
[19:46:29.786] File change detected. Updating...
[19:46:29.793] readProjectFiles, Found 88 files to read.
[19:46:29.834] Files read. Count: 88
[19:46:29.834] Calling pai.updateCloudDev...
[19:46:42.839] File change detected. Updating...
[19:46:42.847] readProjectFiles, Found 88 files to read.
[19:46:42.883] Files read. Count: 88
[19:46:42.883] Calling pai.updateCloudDev...
[19:46:44.857] File change detected. Updating...
[19:46:44.867] readProjectFiles, Found 88 files to read.
[19:46:44.894] Files read. Count: 88
[19:46:44.895] Calling pai.updateCloudDev...
[19:46:51.997] File change detected. Updating...
[19:46:52.005] readProjectFiles, Found 88 files to read.
[19:46:52.050] Files read. Count: 88
[19:46:52.051] Calling pai.updateCloudDev...
[19:47:02.559] File change detected. Updating...
[19:47:02.565] readProjectFiles, Found 88 files to read.
[19:47:02.601] Files read. Count: 88
[19:47:02.602] Calling pai.updateCloudDev...
[19:47:16.976] File change detected. Updating...
[19:47:16.988] readProjectFiles, Found 88 files to read.
[19:47:17.020] Files read. Count: 88
[19:47:17.020] Calling pai.updateCloudDev...
[19:47:35.838] File change detected. Updating...
[19:47:35.846] readProjectFiles, Found 88 files to read.
[19:47:35.886] Files read. Count: 88
[19:47:35.886] Calling pai.updateCloudDev...
[19:48:02.840] File change detected. Updating...
[19:48:02.849] readProjectFiles, Found 88 files to read.
[19:48:02.880] Files read. Count: 88
[19:48:02.880] Calling pai.updateCloudDev...
[19:48:09.898] File change detected. Updating...
[19:48:09.905] readProjectFiles, Found 88 files to read.
[19:48:09.941] Files read. Count: 88
[19:48:09.941] Calling pai.updateCloudDev...
[19:52:48.129] File change detected. Updating...
[19:52:48.143] readProjectFiles, Found 88 files to read.
[19:52:48.195] Files read. Count: 88
[19:52:48.196] Calling pai.updateCloudDev...
[19:52:59.992] File change detected. Updating...
[19:53:00.005] readProjectFiles, Found 89 files to read.
[19:53:00.035] Files read. Count: 89
[19:53:00.036] Calling pai.updateCloudDev...
[19:53:18.780] File change detected. Updating...
[19:53:18.790] readProjectFiles, Found 90 files to read.
[19:53:18.828] Files read. Count: 90
[19:53:18.828] Calling pai.updateCloudDev...
[19:53:30.061] File change detected. Updating...
[19:53:30.074] readProjectFiles, Found 90 files to read.
[19:53:30.111] Files read. Count: 90
[19:53:30.111] Calling pai.updateCloudDev...
[19:53:37.821] File change detected. Updating...
[19:53:37.831] readProjectFiles, Found 90 files to read.
[19:53:37.865] Files read. Count: 90
[19:53:37.865] Calling pai.updateCloudDev...
[19:54:27.052] File change detected. Updating...
[19:54:27.062] readProjectFiles, Found 88 files to read.
[19:54:27.091] Files read. Count: 88
[19:54:27.091] Calling pai.updateCloudDev...
[19:54:37.994] File change detected. Updating...
[19:54:38.002] readProjectFiles, Found 89 files to read.
[19:54:38.039] Files read. Count: 89
[19:54:38.039] Calling pai.updateCloudDev...
[19:54:49.874] File change detected. Updating...
[19:54:49.884] readProjectFiles, Found 90 files to read.
[19:54:49.914] Files read. Count: 90
[19:54:49.914] Calling pai.updateCloudDev...
[19:55:06.050] File change detected. Updating...
[19:55:06.063] readProjectFiles, Found 90 files to read.
[19:55:06.102] Files read. Count: 90
[19:55:06.102] Calling pai.updateCloudDev...
[19:55:13.618] File change detected. Updating...
[19:55:13.625] readProjectFiles, Found 90 files to read.
[19:55:13.665] Files read. Count: 90
[19:55:13.666] Calling pai.updateCloudDev...
[19:55:21.553] File change detected. Updating...
[19:55:21.566] readProjectFiles, Found 90 files to read.
[19:55:21.604] Files read. Count: 90
[19:55:21.605] Calling pai.updateCloudDev...
[19:55:28.906] File change detected. Updating...
[19:55:28.914] readProjectFiles, Found 90 files to read.
[19:55:28.954] Files read. Count: 90
[19:55:28.954] Calling pai.updateCloudDev...
[19:55:35.808] File change detected. Updating...
[19:55:35.815] readProjectFiles, Found 90 files to read.
[19:55:35.850] Files read. Count: 90
[19:55:35.850] Calling pai.updateCloudDev...
[19:55:43.530] File change detected. Updating...
[19:55:43.541] readProjectFiles, Found 90 files to read.
[19:55:43.576] Files read. Count: 90
[19:55:43.576] Calling pai.updateCloudDev...
[19:55:50.826] File change detected. Updating...
[19:55:50.835] readProjectFiles, Found 90 files to read.
[19:55:50.876] Files read. Count: 90
[19:55:50.876] Calling pai.updateCloudDev...
[19:55:58.344] File change detected. Updating...
[19:55:58.354] readProjectFiles, Found 90 files to read.
[19:55:58.386] Files read. Count: 90
[19:55:58.386] Calling pai.updateCloudDev...
[19:56:13.819] File change detected. Updating...
[19:56:13.827] readProjectFiles, Found 90 files to read.
[19:56:13.866] Files read. Count: 90
[19:56:13.866] Calling pai.updateCloudDev...
[19:56:22.154] File change detected. Updating...
[19:56:22.161] readProjectFiles, Found 90 files to read.
[19:56:22.195] Files read. Count: 90
[19:56:22.195] Calling pai.updateCloudDev...
[19:56:30.027] File change detected. Updating...
[19:56:30.032] readProjectFiles, Found 90 files to read.
[19:56:30.064] Files read. Count: 90
[19:56:30.064] Calling pai.updateCloudDev...
[19:56:36.505] File change detected. Updating...
[19:56:36.521] readProjectFiles, Found 90 files to read.
[19:56:36.565] Files read. Count: 90
[19:56:36.566] Calling pai.updateCloudDev...
[19:56:42.810] File change detected. Updating...
[19:56:42.819] readProjectFiles, Found 90 files to read.
[19:56:42.862] Files read. Count: 90
[19:56:42.863] Calling pai.updateCloudDev...
[19:59:04.355] File change detected. Updating...
[19:59:04.367] readProjectFiles, Found 90 files to read.
[19:59:04.398] Files read. Count: 90
[19:59:04.398] Calling pai.updateCloudDev...
[19:59:09.027] File change detected. Updating...
[19:59:09.036] readProjectFiles, Found 90 files to read.
[19:59:09.067] Files read. Count: 90
[19:59:09.068] Calling pai.updateCloudDev...
[19:59:19.475] File change detected. Updating...
[19:59:19.483] readProjectFiles, Found 91 files to read.
[19:59:19.519] Files read. Count: 91
[19:59:19.519] Calling pai.updateCloudDev...
[19:59:21.582] File change detected. Updating...
[19:59:21.589] readProjectFiles, Found 92 files to read.
[19:59:21.619] Files read. Count: 92
[19:59:21.619] Calling pai.updateCloudDev...
[19:59:35.729] File change detected. Updating...
[19:59:35.744] readProjectFiles, Found 92 files to read.
[19:59:35.776] Files read. Count: 92
[19:59:35.776] Calling pai.updateCloudDev...
[19:59:49.100] File change detected. Updating...
[19:59:49.110] readProjectFiles, Found 92 files to read.
[19:59:49.142] Files read. Count: 92
[19:59:49.142] Calling pai.updateCloudDev...
[20:00:02.027] File change detected. Updating...
[20:00:02.036] readProjectFiles, Found 92 files to read.
[20:00:02.072] Files read. Count: 92
[20:00:02.073] Calling pai.updateCloudDev...
[20:00:11.691] File change detected. Updating...
[20:00:11.701] readProjectFiles, Found 92 files to read.
[20:00:11.737] Files read. Count: 92
[20:00:11.737] Calling pai.updateCloudDev...
[20:00:18.692] File change detected. Updating...
[20:00:18.702] readProjectFiles, Found 92 files to read.
[20:00:18.735] Files read. Count: 92
[20:00:18.735] Calling pai.updateCloudDev...
[20:00:26.730] File change detected. Updating...
[20:00:26.740] readProjectFiles, Found 92 files to read.
[20:00:26.775] Files read. Count: 92
[20:00:26.776] Calling pai.updateCloudDev...
[20:00:33.295] File change detected. Updating...
[20:00:33.302] readProjectFiles, Found 92 files to read.
[20:00:33.336] Files read. Count: 92
[20:00:33.336] Calling pai.updateCloudDev...
[20:02:48.561] File change detected. Updating...
[20:02:48.576] readProjectFiles, Found 92 files to read.
[20:02:48.606] Files read. Count: 92
[20:02:48.606] Calling pai.updateCloudDev...
[20:03:04.089] File change detected. Updating...
[20:03:04.098] readProjectFiles, Found 92 files to read.
[20:03:04.128] Files read. Count: 92
[20:03:04.129] Calling pai.updateCloudDev...
[20:03:18.216] File change detected. Updating...
[20:03:18.226] readProjectFiles, Found 92 files to read.
[20:03:18.262] Files read. Count: 92
[20:03:18.262] Calling pai.updateCloudDev...
[20:03:25.266] File change detected. Updating...
[20:03:25.276] readProjectFiles, Found 92 files to read.
[20:03:25.308] Files read. Count: 92
[20:03:25.308] Calling pai.updateCloudDev...
[20:03:54.885] File change detected. Updating...
[20:03:54.893] readProjectFiles, Found 92 files to read.
[20:03:54.933] Files read. Count: 92
[20:03:54.933] Calling pai.updateCloudDev...
[20:04:12.201] File change detected. Updating...
[20:04:12.210] readProjectFiles, Found 92 files to read.
[20:04:12.243] Files read. Count: 92
[20:04:12.243] Calling pai.updateCloudDev...
[20:04:48.370] File change detected. Updating...
[20:04:48.381] readProjectFiles, Found 92 files to read.
[20:04:48.423] Files read. Count: 92
[20:04:48.424] Calling pai.updateCloudDev...
[20:04:58.114] [Preview Server] Frontend disconnected, clients size = 2
[20:05:03.455] [Preview Server] Frontend connected, clients size = 2
[20:05:04.637] File change detected. Updating...
[20:05:04.651] readProjectFiles, Found 92 files to read.
[20:05:04.697] Files read. Count: 92
[20:05:04.697] Calling pai.updateCloudDev...
[20:05:25.217] File change detected. Updating...
[20:05:25.226] readProjectFiles, Found 92 files to read.
[20:05:25.258] Files read. Count: 92
[20:05:25.258] Calling pai.updateCloudDev...
[20:05:40.511] File change detected. Updating...
[20:05:40.522] readProjectFiles, Found 92 files to read.
[20:05:40.553] Files read. Count: 92
[20:05:40.553] Calling pai.updateCloudDev...
[20:05:50.569] File change detected. Updating...
[20:05:50.580] readProjectFiles, Found 92 files to read.
[20:05:50.612] Files read. Count: 92
[20:05:50.612] Calling pai.updateCloudDev...
[20:05:59.359] File change detected. Updating...
[20:05:59.366] readProjectFiles, Found 92 files to read.
[20:05:59.396] Files read. Count: 92
[20:05:59.397] Calling pai.updateCloudDev...
[20:06:09.251] File change detected. Updating...
[20:06:09.262] readProjectFiles, Found 92 files to read.
[20:06:09.295] Files read. Count: 92
[20:06:09.295] Calling pai.updateCloudDev...
[20:08:14.707] File change detected. Updating...
[20:08:14.712] readProjectFiles, Found 92 files to read.
[20:08:14.746] Files read. Count: 92
[20:08:14.746] Calling pai.updateCloudDev...
[20:08:22.136] File change detected. Updating...
[20:08:22.144] readProjectFiles, Found 92 files to read.
[20:08:22.182] Files read. Count: 92
[20:08:22.182] Calling pai.updateCloudDev...
[20:08:28.856] File change detected. Updating...
[20:08:28.870] readProjectFiles, Found 92 files to read.
[20:08:28.899] Files read. Count: 92
[20:08:28.899] Calling pai.updateCloudDev...
[20:08:36.960] File change detected. Updating...
[20:08:36.980] readProjectFiles, Found 92 files to read.
[20:08:37.014] Files read. Count: 92
[20:08:37.014] Calling pai.updateCloudDev...
[20:08:46.681] File change detected. Updating...
[20:08:46.693] readProjectFiles, Found 92 files to read.
[20:08:46.722] Files read. Count: 92
[20:08:46.722] Calling pai.updateCloudDev...
[20:08:56.028] File change detected. Updating...
[20:08:56.039] readProjectFiles, Found 92 files to read.
[20:08:56.087] Files read. Count: 92
[20:08:56.087] Calling pai.updateCloudDev...
[20:09:04.087] File change detected. Updating...
[20:09:04.097] readProjectFiles, Found 92 files to read.
[20:09:04.122] Files read. Count: 92
[20:09:04.122] Calling pai.updateCloudDev...
[20:09:12.133] File change detected. Updating...
[20:09:12.140] readProjectFiles, Found 92 files to read.
[20:09:12.182] Files read. Count: 92
[20:09:12.182] Calling pai.updateCloudDev...
[20:09:22.208] File change detected. Updating...
[20:09:22.217] readProjectFiles, Found 92 files to read.
[20:09:22.245] Files read. Count: 92
[20:09:22.245] Calling pai.updateCloudDev...
[20:09:29.870] File change detected. Updating...
[20:09:29.878] readProjectFiles, Found 92 files to read.
[20:09:29.920] Files read. Count: 92
[20:09:29.920] Calling pai.updateCloudDev...
[20:09:38.224] File change detected. Updating...
[20:09:38.233] readProjectFiles, Found 92 files to read.
[20:09:38.262] Files read. Count: 92
[20:09:38.262] Calling pai.updateCloudDev...
[20:09:46.736] File change detected. Updating...
[20:09:46.744] readProjectFiles, Found 92 files to read.
[20:09:46.775] Files read. Count: 92
[20:09:46.776] Calling pai.updateCloudDev...
[23:46:28.539] File change detected. Updating...
[23:46:28.552] readProjectFiles, Found 93 files to read.
[23:46:28.648] Files read. Count: 93
[23:46:28.648] Calling pai.updateCloudDev...
[23:46:33.650] File change detected. Updating...
[23:46:33.660] readProjectFiles, Found 94 files to read.
[23:46:33.687] Files read. Count: 94
[23:46:33.687] Calling pai.updateCloudDev...
[23:46:44.677] File change detected. Updating...
[23:46:44.695] readProjectFiles, Found 94 files to read.
[23:46:44.725] Files read. Count: 94
[23:46:44.726] Calling pai.updateCloudDev...
[23:46:51.869] File change detected. Updating...
[23:46:51.879] readProjectFiles, Found 94 files to read.
[23:46:51.911] Files read. Count: 94
[23:46:51.911] Calling pai.updateCloudDev...
[23:47:11.720] File change detected. Updating...
[23:47:11.731] readProjectFiles, Found 94 files to read.
[23:47:11.763] Files read. Count: 94
[23:47:11.764] Calling pai.updateCloudDev...
[23:47:21.484] File change detected. Updating...
[23:47:21.497] readProjectFiles, Found 94 files to read.
[23:47:21.535] Files read. Count: 94
[23:47:21.535] Calling pai.updateCloudDev...
[23:47:37.032] File change detected. Updating...
[23:47:37.042] readProjectFiles, Found 94 files to read.
[23:47:37.074] Files read. Count: 94
[23:47:37.074] Calling pai.updateCloudDev...
[23:47:45.551] File change detected. Updating...
[23:47:45.560] readProjectFiles, Found 94 files to read.
[23:47:45.596] Files read. Count: 94
[23:47:45.596] Calling pai.updateCloudDev...
[23:47:54.586] File change detected. Updating...
[23:47:54.596] readProjectFiles, Found 94 files to read.
[23:47:54.626] Files read. Count: 94
[23:47:54.626] Calling pai.updateCloudDev...
[23:48:02.394] File change detected. Updating...
[23:48:02.402] readProjectFiles, Found 94 files to read.
[23:48:02.434] Files read. Count: 94
[23:48:02.434] Calling pai.updateCloudDev...
[23:48:28.331] File change detected. Updating...
[23:48:28.336] readProjectFiles, Found 92 files to read.
[23:48:28.370] Files read. Count: 92
[23:48:28.371] Calling pai.updateCloudDev...
[23:50:02.380] File change detected. Updating...
[23:50:02.389] readProjectFiles, Found 92 files to read.
[23:50:02.431] Files read. Count: 92
[23:50:02.432] Calling pai.updateCloudDev...
[23:51:40.466] File change detected. Updating...
[23:51:40.479] readProjectFiles, Found 92 files to read.
[23:51:40.524] Files read. Count: 92
[23:51:40.524] Calling pai.updateCloudDev...
[23:52:21.874] File change detected. Updating...
[23:52:21.892] readProjectFiles, Found 92 files to read.
[23:52:21.928] Files read. Count: 92
[23:52:21.928] Calling pai.updateCloudDev...
[23:56:39.037] [Preview Server] Frontend disconnected, clients size = 2
[23:57:40.700] File change detected. Updating...
[23:57:40.712] readProjectFiles, Found 93 files to read.
[23:57:40.746] Files read. Count: 93
[23:57:40.746] Calling pai.updateCloudDev...
[23:58:18.381] File change detected. Updating...
[23:58:18.392] readProjectFiles, Found 94 files to read.
[23:58:18.427] Files read. Count: 94
[23:58:18.427] Calling pai.updateCloudDev...
[00:05:04.306] File change detected. Updating...
[00:05:04.314] readProjectFiles, Found 94 files to read.
[00:05:04.355] Files read. Count: 94
[00:05:04.356] Calling pai.updateCloudDev...
[00:05:11.672] File change detected. Updating...
[00:05:11.682] readProjectFiles, Found 94 files to read.
[00:05:11.713] Files read. Count: 94
[00:05:11.713] Calling pai.updateCloudDev...
[00:05:18.917] File change detected. Updating...
[00:05:18.924] readProjectFiles, Found 94 files to read.
[00:05:18.961] Files read. Count: 94
[00:05:18.961] Calling pai.updateCloudDev...
[00:05:27.146] File change detected. Updating...
[00:05:27.154] readProjectFiles, Found 94 files to read.
[00:05:27.185] Files read. Count: 94
[00:05:27.185] Calling pai.updateCloudDev...
[00:05:34.607] File change detected. Updating...
[00:05:34.616] readProjectFiles, Found 94 files to read.
[00:05:34.647] Files read. Count: 94
[00:05:34.647] Calling pai.updateCloudDev...
[00:07:31.123] File change detected. Updating...
[00:07:31.132] readProjectFiles, Found 94 files to read.
[00:07:31.170] Files read. Count: 94
[00:07:31.170] Calling pai.updateCloudDev...
[00:07:51.837] File change detected. Updating...
[00:07:51.850] readProjectFiles, Found 94 files to read.
[00:07:51.902] Files read. Count: 94
[00:07:51.902] Calling pai.updateCloudDev...
[00:08:02.010] File change detected. Updating...
[00:08:02.018] readProjectFiles, Found 94 files to read.
[00:08:02.051] Files read. Count: 94
[00:08:02.051] Calling pai.updateCloudDev...
[00:08:10.590] File change detected. Updating...
[00:08:10.603] readProjectFiles, Found 94 files to read.
[00:08:10.640] Files read. Count: 94
[00:08:10.641] Calling pai.updateCloudDev...
[00:08:25.866] File change detected. Updating...
[00:08:25.885] readProjectFiles, Found 94 files to read.
[00:08:25.922] Files read. Count: 94
[00:08:25.922] Calling pai.updateCloudDev...
[00:10:21.215] File change detected. Updating...
[00:10:21.224] readProjectFiles, Found 94 files to read.
[00:10:21.261] Files read. Count: 94
[00:10:21.261] Calling pai.updateCloudDev...
[00:10:35.289] File change detected. Updating...
[00:10:35.301] readProjectFiles, Found 94 files to read.
[00:10:35.336] Files read. Count: 94
[00:10:35.336] Calling pai.updateCloudDev...
[00:13:31.877] File change detected. Updating...
[00:13:31.889] readProjectFiles, Found 94 files to read.
[00:13:31.930] Files read. Count: 94
[00:13:31.930] Calling pai.updateCloudDev...
[00:13:50.683] File change detected. Updating...
[00:13:50.698] readProjectFiles, Found 94 files to read.
[00:13:50.741] Files read. Count: 94
[00:13:50.741] Calling pai.updateCloudDev...
[00:13:59.890] File change detected. Updating...
[00:13:59.903] readProjectFiles, Found 94 files to read.
[00:13:59.941] Files read. Count: 94
[00:13:59.941] Calling pai.updateCloudDev...
[00:14:19.609] File change detected. Updating...
[00:14:19.620] readProjectFiles, Found 94 files to read.
[00:14:19.655] Files read. Count: 94
[00:14:19.655] Calling pai.updateCloudDev...
[00:14:31.951] File change detected. Updating...
[00:14:31.962] readProjectFiles, Found 94 files to read.
[00:14:32.000] Files read. Count: 94
[00:14:32.001] Calling pai.updateCloudDev...
[00:14:43.805] File change detected. Updating...
[00:14:43.818] readProjectFiles, Found 94 files to read.
[00:14:43.857] Files read. Count: 94
[00:14:43.857] Calling pai.updateCloudDev...
[00:15:11.108] File change detected. Updating...
[00:15:11.120] readProjectFiles, Found 94 files to read.
[00:15:11.159] Files read. Count: 94
[00:15:11.160] Calling pai.updateCloudDev...
[00:15:30.656] File change detected. Updating...
[00:15:30.669] readProjectFiles, Found 94 files to read.
[00:15:30.710] Files read. Count: 94
[00:15:30.710] Calling pai.updateCloudDev...
